<?xml version="1.0" encoding="UTF-8"?>
<!-- Generated by org.testng.reporters.JUnitReportReporter -->
<testsuite skipped="0" hostname="RSI1558" name="br.com.rsinet.hub_tdd.Testes.BuscaPelaLupa" tests="2" failures="0" timestamp="2020-02-04T10:56:51 BRT" time="38.382" errors="0">
  <testcase name="Executa" time="17.748" classname="br.com.rsinet.hub_tdd.Testes.BuscaPelaLupa"/>
  <system-out/>
  <testcase name="ExecutaFalha" time="20.634" classname="br.com.rsinet.hub_tdd.Testes.BuscaPelaLupa"/>
  <system-out/>
</testsuite> <!-- br.com.rsinet.hub_tdd.Testes.BuscaPelaLupa -->
