<?xml version="1.0" encoding="UTF-8"?>
<!-- Generated by org.testng.reporters.JUnitReportReporter -->
<testsuite skipped="0" hostname="RSI1558" name="br.com.rsinet.hub_tdd.Android.BuscaPelaTelaInicial" tests="1" failures="0" timestamp="2020-02-04T08:56:31 BRT" time="28.668" errors="0">
  <testcase name="Executa" time="28.668" classname="br.com.rsinet.hub_tdd.Android.BuscaPelaTelaInicial"/>
  <system-out/>
</testsuite> <!-- br.com.rsinet.hub_tdd.Android.BuscaPelaTelaInicial -->
