<?xml version="1.0" encoding="UTF-8"?>
<!-- Generated by org.testng.reporters.JUnitReportReporter -->
<testsuite skipped="0" hostname="RSI1558" name="br.com.rsinet.hub_tdd.Testes.BuscaPelaTelaInicial" tests="1" failures="0" timestamp="2020-02-04T10:43:00 BRT" time="17.127" errors="0">
  <testcase name="Executa" time="17.127" classname="br.com.rsinet.hub_tdd.Testes.BuscaPelaTelaInicial"/>
  <system-out/>
</testsuite> <!-- br.com.rsinet.hub_tdd.Testes.BuscaPelaTelaInicial -->
